<?xml version="1.0" encoding="UTF-8"?>
<!-- Generated by org.testng.reporters.JUnitXMLReporter -->
<testsuite hostname="DESKTOP-832HV3U" ignored="0" name="Test 2" tests="9" failures="0" timestamp="21 Jul 2019 06:27:25 GMT" time="0.063" errors="0">
  <testcase name="testcase1" time="0.0" classname="basicAnnotations.TestClass1"/>
  <testcase name="testcase2" time="0.0" classname="basicAnnotations.TestClass1"/>
  <testcase name="testcase3" time="0.0" classname="basicAnnotations.TestClass1"/>
  <testcase name="testcase1" time="0.0" classname="basicAnnotations.TestClass3"/>
  <testcase name="testcase2" time="0.0" classname="basicAnnotations.TestClass3"/>
  <testcase name="testcase3" time="0.0" classname="basicAnnotations.TestClass3"/>
  <testcase name="testcase1" time="0.0" classname="basicAnnotations.TestClass2"/>
  <testcase name="testcase2" time="0.0" classname="basicAnnotations.TestClass2"/>
  <testcase name="testcase3" time="0.0" classname="basicAnnotations.TestClass2"/>
</testsuite> <!-- Test 2 -->
