<?xml version="1.0" encoding="UTF-8"?>
<!-- Generated by org.testng.reporters.JUnitXMLReporter -->
<testsuite hostname="DESKTOP-832HV3U" ignored="2" name="Test 1" tests="7" failures="0" timestamp="21 Jul 2019 06:27:25 GMT" time="0.094" errors="0">
  <testcase name="testcase1" time="0.0" classname="basicAnnotations.TestClass1"/>
  <testcase name="testcase2" time="0.0" classname="basicAnnotations.TestClass1"/>
  <testcase name="testcase3" time="0.0" classname="basicAnnotations.TestClass1"/>
  <testcase name="testcase1" time="0.016" classname="basicAnnotations.TestClass3"/>
  <testcase name="testcase2" time="0.0" classname="basicAnnotations.TestClass3"/>
  <testcase name="testcase3" time="0.0" classname="basicAnnotations.TestClass3"/>
  <testcase name="testcase2" time="0.015" classname="basicAnnotations.TestClass2"/>
  <testcase name="testcase1" time="0.0" classname="basicAnnotations.TestClass2">
    <ignored/>
  </testcase> <!-- testcase1 -->
  <testcase name="testcase3" time="0.0" classname="basicAnnotations.TestClass2">
    <ignored/>
  </testcase> <!-- testcase3 -->
</testsuite> <!-- Test 1 -->
